DYLD_FALLBACK_LIBRARY_PATH=.:/nix/store/371nrncarg8z5rmbxzcxy9pqyrma3byh-ruby-3.1.4/lib pkg-config --exists openssl
package configuration for openssl is not found
have_library: checking for BIO_read() in -lcrypto... -------------------- no

DYLD_FALLBACK_LIBRARY_PATH=.:/nix/store/371nrncarg8z5rmbxzcxy9pqyrma3byh-ruby-3.1.4/lib "cc -o conftest -I/nix/store/371nrncarg8z5rmbxzcxy9pqyrma3byh-ruby-3.1.4/include/ruby-3.1.0/arm64-darwin21 -I/nix/store/371nrncarg8z5rmbxzcxy9pqyrma3byh-ruby-3.1.4/include/ruby-3.1.0/ruby/backward -I/nix/store/371nrncarg8z5rmbxzcxy9pqyrma3byh-ruby-3.1.4/include/ruby-3.1.0 -I. -D_XOPEN_SOURCE -D_DARWIN_C_SOURCE -D_DARWIN_UNLIMITED_SELECT -D_REENTRANT   -fdeclspec -O3 -fno-fast-math -ggdb3 -Wall -Wextra -Wdeprecated-declarations -Wdivision-by-zero -Wimplicit-function-declaration -Wimplicit-int -Wmisleading-indentation -Wpointer-arith -Wshorten-64-to-32 -Wwrite-strings -Wold-style-definition -Wmissing-noreturn -Wno-cast-function-type -Wno-constant-logical-operand -Wno-long-long -Wno-missing-field-initializers -Wno-overlength-strings -Wno-parentheses-equality -Wno-self-assign -Wno-tautological-compare -Wno-unused-parameter -Wno-unused-value -Wunused-variable -Wextra-tokens -Wundef  -fno-common -pipe conftest.c  -L. -L/nix/store/371nrncarg8z5rmbxzcxy9pqyrma3byh-ruby-3.1.4/lib -L. -fstack-protector-strong -L/nix/store/dxf64wsfm6zzk4zqfsrd6pp1b1hpaa4k-libffi-3.4.6-dev/lib -L/nix/store/ddgw7xgm2z0xid2yd1d6plvmyb788gwz-ncurses-6.4-dev/lib -L/nix/store/lylg64gvabjy1jy1hla74jbaz0qm3xnm-readline-8.2p10-dev/lib -L/nix/store/cqd4jmx3ampyzq478lpkcaar3hxvf2cl-zlib-1.3.1-dev/lib -L/nix/store/qq2max2fnfhsxw2gajp7p2g3gfrkas41-openssl-3.0.13-dev/lib -L/nix/store/6cp76khcv16cr476w8nwfh40cbwk7ydv-gdbm-1.23/lib -L/nix/store/qm6saw7gf1mldn52r82zxw4bxilif0hk-libyaml-0.2.5-dev/lib -L/nix/store/p50dmis6dfj9i5qz7xyqkmdc928bv8c6-libiconv-50/lib -L/nix/store/7mjwvy5nnrbjq9x89cjknihx4138d9nx-libobjc-11.0.0/lib -L/nix/store/eeeeeeeeeeeeeeeeeeeeeeeeeeeeeeee-clang-wrapper-16.0.6/resource-root/lib -L/nix/store/0mkl2829j4dmbwfcip3y7aqchb0amg5w-libSystem-11.0.0/lib     -lruby-3.1.4   "
ld: warning: directory not found for option '-L/nix/store/eeeeeeeeeeeeeeeeeeeeeeeeeeeeeeee-clang-wrapper-16.0.6/resource-root/lib'
checked program was:
/* begin */
1: #include "ruby.h"
2: 
3: int main(int argc, char **argv)
4: {
5:   return !!argv[argc];
6: }
/* end */

DYLD_FALLBACK_LIBRARY_PATH=.:/nix/store/371nrncarg8z5rmbxzcxy9pqyrma3byh-ruby-3.1.4/lib "cc -o conftest -I/nix/store/371nrncarg8z5rmbxzcxy9pqyrma3byh-ruby-3.1.4/include/ruby-3.1.0/arm64-darwin21 -I/nix/store/371nrncarg8z5rmbxzcxy9pqyrma3byh-ruby-3.1.4/include/ruby-3.1.0/ruby/backward -I/nix/store/371nrncarg8z5rmbxzcxy9pqyrma3byh-ruby-3.1.4/include/ruby-3.1.0 -I. -D_XOPEN_SOURCE -D_DARWIN_C_SOURCE -D_DARWIN_UNLIMITED_SELECT -D_REENTRANT   -fdeclspec -O3 -fno-fast-math -ggdb3 -Wall -Wextra -Wdeprecated-declarations -Wdivision-by-zero -Wimplicit-function-declaration -Wimplicit-int -Wmisleading-indentation -Wpointer-arith -Wshorten-64-to-32 -Wwrite-strings -Wold-style-definition -Wmissing-noreturn -Wno-cast-function-type -Wno-constant-logical-operand -Wno-long-long -Wno-missing-field-initializers -Wno-overlength-strings -Wno-parentheses-equality -Wno-self-assign -Wno-tautological-compare -Wno-unused-parameter -Wno-unused-value -Wunused-variable -Wextra-tokens -Wundef  -fno-common -pipe conftest.c  -L. -L/nix/store/371nrncarg8z5rmbxzcxy9pqyrma3byh-ruby-3.1.4/lib -L. -fstack-protector-strong -L/nix/store/dxf64wsfm6zzk4zqfsrd6pp1b1hpaa4k-libffi-3.4.6-dev/lib -L/nix/store/ddgw7xgm2z0xid2yd1d6plvmyb788gwz-ncurses-6.4-dev/lib -L/nix/store/lylg64gvabjy1jy1hla74jbaz0qm3xnm-readline-8.2p10-dev/lib -L/nix/store/cqd4jmx3ampyzq478lpkcaar3hxvf2cl-zlib-1.3.1-dev/lib -L/nix/store/qq2max2fnfhsxw2gajp7p2g3gfrkas41-openssl-3.0.13-dev/lib -L/nix/store/6cp76khcv16cr476w8nwfh40cbwk7ydv-gdbm-1.23/lib -L/nix/store/qm6saw7gf1mldn52r82zxw4bxilif0hk-libyaml-0.2.5-dev/lib -L/nix/store/p50dmis6dfj9i5qz7xyqkmdc928bv8c6-libiconv-50/lib -L/nix/store/7mjwvy5nnrbjq9x89cjknihx4138d9nx-libobjc-11.0.0/lib -L/nix/store/eeeeeeeeeeeeeeeeeeeeeeeeeeeeeeee-clang-wrapper-16.0.6/resource-root/lib -L/nix/store/0mkl2829j4dmbwfcip3y7aqchb0amg5w-libSystem-11.0.0/lib     -lruby-3.1.4 -lcrypto   "
conftest.c:14:57: error: use of undeclared identifier 'BIO_read'
int t(void) { void ((*volatile p)()); p = (void ((*)()))BIO_read; return !p; }
                                                        ^
1 error generated.
checked program was:
/* begin */
 1: #include "ruby.h"
 2: 
 3: /*top*/
 4: extern int t(void);
 5: int main(int argc, char **argv)
 6: {
 7:   if (argc > 1000000) {
 8:     int (* volatile tp)(void)=(int (*)(void))&t;
 9:     printf("%d", (*tp)());
10:   }
11: 
12:   return !!argv[argc];
13: }
14: int t(void) { void ((*volatile p)()); p = (void ((*)()))BIO_read; return !p; }
/* end */

DYLD_FALLBACK_LIBRARY_PATH=.:/nix/store/371nrncarg8z5rmbxzcxy9pqyrma3byh-ruby-3.1.4/lib "cc -o conftest -I/nix/store/371nrncarg8z5rmbxzcxy9pqyrma3byh-ruby-3.1.4/include/ruby-3.1.0/arm64-darwin21 -I/nix/store/371nrncarg8z5rmbxzcxy9pqyrma3byh-ruby-3.1.4/include/ruby-3.1.0/ruby/backward -I/nix/store/371nrncarg8z5rmbxzcxy9pqyrma3byh-ruby-3.1.4/include/ruby-3.1.0 -I. -D_XOPEN_SOURCE -D_DARWIN_C_SOURCE -D_DARWIN_UNLIMITED_SELECT -D_REENTRANT   -fdeclspec -O3 -fno-fast-math -ggdb3 -Wall -Wextra -Wdeprecated-declarations -Wdivision-by-zero -Wimplicit-function-declaration -Wimplicit-int -Wmisleading-indentation -Wpointer-arith -Wshorten-64-to-32 -Wwrite-strings -Wold-style-definition -Wmissing-noreturn -Wno-cast-function-type -Wno-constant-logical-operand -Wno-long-long -Wno-missing-field-initializers -Wno-overlength-strings -Wno-parentheses-equality -Wno-self-assign -Wno-tautological-compare -Wno-unused-parameter -Wno-unused-value -Wunused-variable -Wextra-tokens -Wundef  -fno-common -pipe conftest.c  -L. -L/nix/store/371nrncarg8z5rmbxzcxy9pqyrma3byh-ruby-3.1.4/lib -L. -fstack-protector-strong -L/nix/store/dxf64wsfm6zzk4zqfsrd6pp1b1hpaa4k-libffi-3.4.6-dev/lib -L/nix/store/ddgw7xgm2z0xid2yd1d6plvmyb788gwz-ncurses-6.4-dev/lib -L/nix/store/lylg64gvabjy1jy1hla74jbaz0qm3xnm-readline-8.2p10-dev/lib -L/nix/store/cqd4jmx3ampyzq478lpkcaar3hxvf2cl-zlib-1.3.1-dev/lib -L/nix/store/qq2max2fnfhsxw2gajp7p2g3gfrkas41-openssl-3.0.13-dev/lib -L/nix/store/6cp76khcv16cr476w8nwfh40cbwk7ydv-gdbm-1.23/lib -L/nix/store/qm6saw7gf1mldn52r82zxw4bxilif0hk-libyaml-0.2.5-dev/lib -L/nix/store/p50dmis6dfj9i5qz7xyqkmdc928bv8c6-libiconv-50/lib -L/nix/store/7mjwvy5nnrbjq9x89cjknihx4138d9nx-libobjc-11.0.0/lib -L/nix/store/eeeeeeeeeeeeeeeeeeeeeeeeeeeeeeee-clang-wrapper-16.0.6/resource-root/lib -L/nix/store/0mkl2829j4dmbwfcip3y7aqchb0amg5w-libSystem-11.0.0/lib     -lruby-3.1.4 -lcrypto   "
ld: warning: directory not found for option '-L/nix/store/eeeeeeeeeeeeeeeeeeeeeeeeeeeeeeee-clang-wrapper-16.0.6/resource-root/lib'
ld: library not found for -lcrypto
clang-16: error: linker command failed with exit code 1 (use -v to see invocation)
checked program was:
/* begin */
 1: #include "ruby.h"
 2: 
 3: /*top*/
 4: extern int t(void);
 5: int main(int argc, char **argv)
 6: {
 7:   if (argc > 1000000) {
 8:     int (* volatile tp)(void)=(int (*)(void))&t;
 9:     printf("%d", (*tp)());
10:   }
11: 
12:   return !!argv[argc];
13: }
14: extern void BIO_read();
15: int t(void) { BIO_read(); return 0; }
/* end */

--------------------

have_library: checking for BIO_read() in -llibeay32... -------------------- no

DYLD_FALLBACK_LIBRARY_PATH=.:/nix/store/371nrncarg8z5rmbxzcxy9pqyrma3byh-ruby-3.1.4/lib "cc -o conftest -I/nix/store/371nrncarg8z5rmbxzcxy9pqyrma3byh-ruby-3.1.4/include/ruby-3.1.0/arm64-darwin21 -I/nix/store/371nrncarg8z5rmbxzcxy9pqyrma3byh-ruby-3.1.4/include/ruby-3.1.0/ruby/backward -I/nix/store/371nrncarg8z5rmbxzcxy9pqyrma3byh-ruby-3.1.4/include/ruby-3.1.0 -I. -D_XOPEN_SOURCE -D_DARWIN_C_SOURCE -D_DARWIN_UNLIMITED_SELECT -D_REENTRANT   -fdeclspec -O3 -fno-fast-math -ggdb3 -Wall -Wextra -Wdeprecated-declarations -Wdivision-by-zero -Wimplicit-function-declaration -Wimplicit-int -Wmisleading-indentation -Wpointer-arith -Wshorten-64-to-32 -Wwrite-strings -Wold-style-definition -Wmissing-noreturn -Wno-cast-function-type -Wno-constant-logical-operand -Wno-long-long -Wno-missing-field-initializers -Wno-overlength-strings -Wno-parentheses-equality -Wno-self-assign -Wno-tautological-compare -Wno-unused-parameter -Wno-unused-value -Wunused-variable -Wextra-tokens -Wundef  -fno-common -pipe conftest.c  -L. -L/nix/store/371nrncarg8z5rmbxzcxy9pqyrma3byh-ruby-3.1.4/lib -L. -fstack-protector-strong -L/nix/store/dxf64wsfm6zzk4zqfsrd6pp1b1hpaa4k-libffi-3.4.6-dev/lib -L/nix/store/ddgw7xgm2z0xid2yd1d6plvmyb788gwz-ncurses-6.4-dev/lib -L/nix/store/lylg64gvabjy1jy1hla74jbaz0qm3xnm-readline-8.2p10-dev/lib -L/nix/store/cqd4jmx3ampyzq478lpkcaar3hxvf2cl-zlib-1.3.1-dev/lib -L/nix/store/qq2max2fnfhsxw2gajp7p2g3gfrkas41-openssl-3.0.13-dev/lib -L/nix/store/6cp76khcv16cr476w8nwfh40cbwk7ydv-gdbm-1.23/lib -L/nix/store/qm6saw7gf1mldn52r82zxw4bxilif0hk-libyaml-0.2.5-dev/lib -L/nix/store/p50dmis6dfj9i5qz7xyqkmdc928bv8c6-libiconv-50/lib -L/nix/store/7mjwvy5nnrbjq9x89cjknihx4138d9nx-libobjc-11.0.0/lib -L/nix/store/eeeeeeeeeeeeeeeeeeeeeeeeeeeeeeee-clang-wrapper-16.0.6/resource-root/lib -L/nix/store/0mkl2829j4dmbwfcip3y7aqchb0amg5w-libSystem-11.0.0/lib     -lruby-3.1.4 -llibeay32   "
conftest.c:14:57: error: use of undeclared identifier 'BIO_read'
int t(void) { void ((*volatile p)()); p = (void ((*)()))BIO_read; return !p; }
                                                        ^
1 error generated.
checked program was:
/* begin */
 1: #include "ruby.h"
 2: 
 3: /*top*/
 4: extern int t(void);
 5: int main(int argc, char **argv)
 6: {
 7:   if (argc > 1000000) {
 8:     int (* volatile tp)(void)=(int (*)(void))&t;
 9:     printf("%d", (*tp)());
10:   }
11: 
12:   return !!argv[argc];
13: }
14: int t(void) { void ((*volatile p)()); p = (void ((*)()))BIO_read; return !p; }
/* end */

DYLD_FALLBACK_LIBRARY_PATH=.:/nix/store/371nrncarg8z5rmbxzcxy9pqyrma3byh-ruby-3.1.4/lib "cc -o conftest -I/nix/store/371nrncarg8z5rmbxzcxy9pqyrma3byh-ruby-3.1.4/include/ruby-3.1.0/arm64-darwin21 -I/nix/store/371nrncarg8z5rmbxzcxy9pqyrma3byh-ruby-3.1.4/include/ruby-3.1.0/ruby/backward -I/nix/store/371nrncarg8z5rmbxzcxy9pqyrma3byh-ruby-3.1.4/include/ruby-3.1.0 -I. -D_XOPEN_SOURCE -D_DARWIN_C_SOURCE -D_DARWIN_UNLIMITED_SELECT -D_REENTRANT   -fdeclspec -O3 -fno-fast-math -ggdb3 -Wall -Wextra -Wdeprecated-declarations -Wdivision-by-zero -Wimplicit-function-declaration -Wimplicit-int -Wmisleading-indentation -Wpointer-arith -Wshorten-64-to-32 -Wwrite-strings -Wold-style-definition -Wmissing-noreturn -Wno-cast-function-type -Wno-constant-logical-operand -Wno-long-long -Wno-missing-field-initializers -Wno-overlength-strings -Wno-parentheses-equality -Wno-self-assign -Wno-tautological-compare -Wno-unused-parameter -Wno-unused-value -Wunused-variable -Wextra-tokens -Wundef  -fno-common -pipe conftest.c  -L. -L/nix/store/371nrncarg8z5rmbxzcxy9pqyrma3byh-ruby-3.1.4/lib -L. -fstack-protector-strong -L/nix/store/dxf64wsfm6zzk4zqfsrd6pp1b1hpaa4k-libffi-3.4.6-dev/lib -L/nix/store/ddgw7xgm2z0xid2yd1d6plvmyb788gwz-ncurses-6.4-dev/lib -L/nix/store/lylg64gvabjy1jy1hla74jbaz0qm3xnm-readline-8.2p10-dev/lib -L/nix/store/cqd4jmx3ampyzq478lpkcaar3hxvf2cl-zlib-1.3.1-dev/lib -L/nix/store/qq2max2fnfhsxw2gajp7p2g3gfrkas41-openssl-3.0.13-dev/lib -L/nix/store/6cp76khcv16cr476w8nwfh40cbwk7ydv-gdbm-1.23/lib -L/nix/store/qm6saw7gf1mldn52r82zxw4bxilif0hk-libyaml-0.2.5-dev/lib -L/nix/store/p50dmis6dfj9i5qz7xyqkmdc928bv8c6-libiconv-50/lib -L/nix/store/7mjwvy5nnrbjq9x89cjknihx4138d9nx-libobjc-11.0.0/lib -L/nix/store/eeeeeeeeeeeeeeeeeeeeeeeeeeeeeeee-clang-wrapper-16.0.6/resource-root/lib -L/nix/store/0mkl2829j4dmbwfcip3y7aqchb0amg5w-libSystem-11.0.0/lib     -lruby-3.1.4 -llibeay32   "
ld: warning: directory not found for option '-L/nix/store/eeeeeeeeeeeeeeeeeeeeeeeeeeeeeeee-clang-wrapper-16.0.6/resource-root/lib'
ld: library not found for -llibeay32
clang-16: error: linker command failed with exit code 1 (use -v to see invocation)
checked program was:
/* begin */
 1: #include "ruby.h"
 2: 
 3: /*top*/
 4: extern int t(void);
 5: int main(int argc, char **argv)
 6: {
 7:   if (argc > 1000000) {
 8:     int (* volatile tp)(void)=(int (*)(void))&t;
 9:     printf("%d", (*tp)());
10:   }
11: 
12:   return !!argv[argc];
13: }
14: extern void BIO_read();
15: int t(void) { BIO_read(); return 0; }
/* end */

--------------------

